============================================
WARNING: possible recursive locking detected
6.18.0-rc6 #1 Not tainted
--------------------------------------------
syz.2.6665/56729 is trying to acquire lock:
ffff88803c85bdc8 (&HFSPLUS_I(inode)->extents_lock){+.+.}-{4:4}, at: hfsplus_get_block+0x27d/0xa80 fs/hfsplus/extents.c:260

but task is already holding lock:
ffff88803c85a988 (&HFSPLUS_I(inode)->extents_lock){+.+.}-{4:4}, at: hfsplus_file_extend+0x1be/0x1250 fs/hfsplus/extents.c:453

other info that might help us debug this:
 Possible unsafe locking scenario:

       CPU0
       ----
  lock(&HFSPLUS_I(inode)->extents_lock);
  lock(&HFSPLUS_I(inode)->extents_lock);

 *** DEADLOCK ***

 May be due to missing lock nesting notation

4 locks held by syz.2.6665/56729:
 #0: ffff88803bfdc420 (sb_writers#23){.+.+}-{0:0}, at: vfs_truncate+0x345/0x6e0 fs/open.c:96
 #1: ffff88803c85ab78 (&sb->s_type->i_mutex_key#32){+.+.}-{4:4}, at: inode_lock_killable include/linux/fs.h:985 [inline]
 #1: ffff88803c85ab78 (&sb->s_type->i_mutex_key#32){+.+.}-{4:4}, at: do_truncate+0x12c/0x220 fs/open.c:63
 #2: ffff88803c85a988 (&HFSPLUS_I(inode)->extents_lock){+.+.}-{4:4}, at: hfsplus_file_extend+0x1be/0x1250 fs/hfsplus/extents.c:453
 #3: ffff8880245e38f8 (&sbi->alloc_mutex){+.+.}-{4:4}, at: hfsplus_block_allocate+0xd2/0xc00 fs/hfsplus/bitmap.c:35

stack backtrace:
CPU: 0 UID: 0 PID: 56729 Comm: syz.2.6665 Not tainted 6.18.0-rc6 #1 PREEMPT(full) 
Hardware name: QEMU Standard PC (i440FX + PIIX, 1996), BIOS 1.15.0-1 04/01/2014
Call Trace:
 <TASK>
 __dump_stack lib/dump_stack.c:94 [inline]
 dump_stack_lvl+0x116/0x1b0 lib/dump_stack.c:120
 print_deadlock_bug+0x22a/0x300 kernel/locking/lockdep.c:3041
 check_deadlock kernel/locking/lockdep.c:3093 [inline]
 validate_chain kernel/locking/lockdep.c:3895 [inline]
 __lock_acquire+0x1474/0x2760 kernel/locking/lockdep.c:5237
 lock_acquire kernel/locking/lockdep.c:5868 [inline]
 lock_acquire+0x17b/0x340 kernel/locking/lockdep.c:5825
 __mutex_lock_common kernel/locking/mutex.c:598 [inline]
 __mutex_lock+0x178/0x1dd0 kernel/locking/mutex.c:760
 hfsplus_get_block+0x27d/0xa80 fs/hfsplus/extents.c:260
 block_read_full_folio+0x2f4/0x850 fs/buffer.c:2420
 filemap_read_folio+0xbf/0x2a0 mm/filemap.c:2444
 do_read_cache_folio+0x24d/0x590 mm/filemap.c:4036
 do_read_cache_page mm/filemap.c:4102 [inline]
 read_cache_page+0x5d/0x150 mm/filemap.c:4111
 read_mapping_page include/linux/pagemap.h:993 [inline]
 hfsplus_block_allocate+0x131/0xc00 fs/hfsplus/bitmap.c:37
 hfsplus_file_extend+0x439/0x1250 fs/hfsplus/extents.c:464
 hfsplus_get_block+0x1b4/0xa80 fs/hfsplus/extents.c:245
 __block_write_begin_int+0x4e5/0x1660 fs/buffer.c:2145
 block_write_begin+0x9a/0x1d0 fs/buffer.c:2256
 cont_write_begin+0x5f3/0x980 fs/buffer.c:2594
 hfsplus_write_begin+0x62/0x120 fs/hfsplus/inode.c:48
 cont_expand_zero fs/buffer.c:2555 [inline]
 cont_write_begin+0x6dd/0x980 fs/buffer.c:2584
 hfsplus_write_begin+0x62/0x120 fs/hfsplus/inode.c:48
 generic_cont_expand_simple+0x11b/0x200 fs/buffer.c:2485
 hfsplus_setattr+0x255/0x320 fs/hfsplus/inode.c:260
 notify_change+0x6ff/0x12f0 fs/attr.c:546
 do_truncate+0x1be/0x220 fs/open.c:68
 vfs_truncate+0x5e8/0x6e0 fs/open.c:118
 do_sys_truncate.part.0+0xfa/0x140 fs/open.c:141
 do_sys_truncate fs/open.c:135 [inline]
 __do_sys_truncate fs/open.c:153 [inline]
 __se_sys_truncate fs/open.c:151 [inline]
 __x64_sys_truncate+0x6d/0xa0 fs/open.c:151
 do_syscall_x64 arch/x86/entry/syscall_64.c:63 [inline]
 do_syscall_64+0x72/0xfa0 arch/x86/entry/syscall_64.c:94
 entry_SYSCALL_64_after_hwframe+0x76/0x7e
RIP: 0033:0x7f44053ae16d
Code: 02 b8 ff ff ff ff c3 66 0f 1f 44 00 00 f3 0f 1e fa 48 89 f8 48 89 f7 48 89 d6 48 89 ca 4d 89 c2 4d 89 c8 4c 8b 4c 24 08 0f 05 <48> 3d 01 f0 ff ff 73 01 c3 48 c7 c1 a8 ff ff ff f7 d8 64 89 01 48
RSP: 002b:00007f4406196f98 EFLAGS: 00000246 ORIG_RAX: 000000000000004c
RAX: ffffffffffffffda RBX: 00007f44055f5fa0 RCX: 00007f44053ae16d
RDX: 0000000000000000 RSI: 0000000000000eba RDI: 0000200000000240
RBP: 00007f44054480f0 R08: 0000000000000000 R09: 0000000000000000
R10: 0000000000000000 R11: 0000000000000246 R12: 0000000000000000
R13: 00007f44055f6038 R14: 00007f44055f5fa0 R15: 00007f4406177000
 </TASK>
